
> superset@0.0.0-dev dev-server
> cross-env NODE_ENV=development BABEL_ENV=development node --max_old_space_size=4096 ./node_modules/webpack-dev-server/bin/webpack-dev-server.js --mode=development

✅ Type checking enabled (disable with DISABLE_TYPE_CHECK=true npm run dev)
[Superset Plugin] Use symlink source for @apache-superset/core @ packages/superset-core
[Superset Plugin] Use symlink source for @superset-ui/chart-controls @ ./packages/superset-ui-chart-controls
[Superset Plugin] Use symlink source for @superset-ui/core @ ./packages/superset-ui-core
[Superset Plugin] Use symlink source for @superset-ui/legacy-plugin-chart-calendar @ ./plugins/legacy-plugin-chart-calendar
[Superset Plugin] Use symlink source for @superset-ui/legacy-plugin-chart-chord @ ./plugins/legacy-plugin-chart-chord
[Superset Plugin] Use symlink source for @superset-ui/legacy-plugin-chart-country-map @ ./plugins/legacy-plugin-chart-country-map
[Superset Plugin] Use symlink source for @superset-ui/legacy-plugin-chart-horizon @ ./plugins/legacy-plugin-chart-horizon
[Superset Plugin] Use symlink source for @superset-ui/legacy-plugin-chart-map-box @ ./plugins/legacy-plugin-chart-map-box
[Superset Plugin] Use symlink source for @superset-ui/legacy-plugin-chart-paired-t-test @ ./plugins/legacy-plugin-chart-paired-t-test
[Superset Plugin] Use symlink source for @superset-ui/legacy-plugin-chart-parallel-coordinates @ ./plugins/legacy-plugin-chart-parallel-coordinates
[Superset Plugin] Use symlink source for @superset-ui/legacy-plugin-chart-partition @ ./plugins/legacy-plugin-chart-partition
[Superset Plugin] Use symlink source for @superset-ui/legacy-plugin-chart-rose @ ./plugins/legacy-plugin-chart-rose
[Superset Plugin] Use symlink source for @superset-ui/legacy-plugin-chart-world-map @ ./plugins/legacy-plugin-chart-world-map
[Superset Plugin] Use symlink source for @superset-ui/legacy-preset-chart-deckgl @ ./plugins/legacy-preset-chart-deckgl
[Superset Plugin] Use symlink source for @superset-ui/legacy-preset-chart-nvd3 @ ./plugins/legacy-preset-chart-nvd3
[Superset Plugin] Use symlink source for @superset-ui/plugin-chart-ag-grid-table @ ./plugins/plugin-chart-ag-grid-table
[Superset Plugin] Use symlink source for @superset-ui/plugin-chart-cartodiagram @ ./plugins/plugin-chart-cartodiagram
[Superset Plugin] Use symlink source for @superset-ui/plugin-chart-echarts @ ./plugins/plugin-chart-echarts
[Superset Plugin] Use symlink source for @superset-ui/plugin-chart-handlebars @ ./plugins/plugin-chart-handlebars
[Superset Plugin] Use symlink source for @superset-ui/plugin-chart-pivot-table @ ./plugins/plugin-chart-pivot-table
[Superset Plugin] Use symlink source for @superset-ui/plugin-chart-table @ ./plugins/plugin-chart-table
[Superset Plugin] Use symlink source for @superset-ui/plugin-chart-word-cloud @ ./plugins/plugin-chart-word-cloud
[Superset Plugin] Use symlink source for @superset-ui/switchboard @ ./packages/superset-ui-switchboard

[HPM] Proxy created: /  -> http://localhost:8088
<s> [webpack.Progress] 3% setup watch run
<s> [webpack.Progress] 3% setup watch run webpack-cli
<s> [webpack.Progress] 3% setup watch run ForkTsCheckerWebpackPlugin
<s> [webpack.Progress] 3% setup watch run webpack-dev-middleware
<s> [webpack.Progress] 3% setup watch run WebpackManifestPlugin
<s> [webpack.Progress] 3% setup watch run
<s> [webpack.Progress] 4% setup normal module factory
<s> [webpack.Progress] 4% setup normal module factory
<s> [webpack.Progress] 5% setup context module factory
<s> [webpack.Progress] 5% setup context module factory
<s> [webpack.Progress] 6% setup before compile
<s> [webpack.Progress] 6% setup before compile ProgressPlugin
<s> [webpack.Progress] 6% setup before compile
<s> [webpack.Progress] 7% setup compile
<s> [webpack.Progress] 7% setup compile ExternalsPlugin
<s> [webpack.Progress] 7% setup compile ExternalsPlugin
<s> [webpack.Progress] 7% setup compile
<s> [webpack.Progress] 8% setup compilation
<s> [webpack.Progress] 8% setup compilation CopyPlugin
<s> [webpack.Progress] 8% setup compilation HtmlWebpackPlugin
<s> [webpack.Progress] 8% setup compilation HtmlWebpackPlugin
<s> [webpack.Progress] 8% setup compilation ArrayPushCallbackChunkFormatPlugin
<s> [webpack.Progress] 8% setup compilation JsonpChunkLoadingPlugin
<s> [webpack.Progress] 8% setup compilation StartupChunkDependenciesPlugin
<s> [webpack.Progress] 8% setup compilation ImportScriptsChunkLoadingPlugin
<s> [webpack.Progress] 8% setup compilation AssignLibraryPlugin
<s> [webpack.Progress] 8% setup compilation WorkerPlugin
<s> [webpack.Progress] 8% setup compilation SplitChunksPlugin
<s> [webpack.Progress] 8% setup compilation ResolverCachePlugin
<s> [webpack.Progress] 8% setup compilation ConsumeSharedPlugin
<s> [webpack.Progress] 8% setup compilation HoistContainerReferences
<s> [webpack.Progress] 8% setup compilation WebpackManifestPlugin
<s> [webpack.Progress] 8% setup compilation
<s> [webpack.Progress] 9% setup compilation
<s> [webpack.Progress] 9% setup compilation ProvidePlugin
<s> [webpack.Progress] 9% setup compilation DefinePlugin
<s> [webpack.Progress] 9% setup compilation ProgressPlugin
<s> [webpack.Progress] 9% setup compilation ForkTsCheckerWebpackPlugin
<s> [webpack.Progress] 9% setup compilation ExternalsPlugin
<s> [webpack.Progress] 9% setup compilation ExternalsPlugin
<s> [webpack.Progress] 9% setup compilation ChunkPrefetchPreloadPlugin
<s> [webpack.Progress] 9% setup compilation ModuleInfoHeaderPlugin
<s> [webpack.Progress] 9% setup compilation EvalSourceMapDevToolPlugin
<s> [webpack.Progress] 9% setup compilation JavascriptModulesPlugin
<s> [webpack.Progress] 9% setup compilation JsonModulesPlugin
<s> [webpack.Progress] 9% setup compilation AssetModulesPlugin
<s> [webpack.Progress] 9% setup compilation EntryPlugin
<s> [webpack.Progress] 9% setup compilation EntryPlugin
<s> [webpack.Progress] 9% setup compilation EntryPlugin
<s> [webpack.Progress] 9% setup compilation EntryPlugin
<s> [webpack.Progress] 9% setup compilation EntryPlugin
<s> [webpack.Progress] 9% setup compilation EntryPlugin
<s> [webpack.Progress] 9% setup compilation EntryPlugin
<s> [webpack.Progress] 9% setup compilation EntryPlugin
<s> [webpack.Progress] 9% setup compilation EntryPlugin
<s> [webpack.Progress] 9% setup compilation EntryPlugin
<s> [webpack.Progress] 9% setup compilation EntryPlugin
<s> [webpack.Progress] 9% setup compilation EntryPlugin
<s> [webpack.Progress] 9% setup compilation RuntimePlugin
<s> [webpack.Progress] 9% setup compilation InferAsyncModulesPlugin
<s> [webpack.Progress] 9% setup compilation DataUriPlugin
<s> [webpack.Progress] 9% setup compilation FileUriPlugin
<s> [webpack.Progress] 9% setup compilation CompatibilityPlugin
<s> [webpack.Progress] 9% setup compilation HarmonyModulesPlugin
<s> [webpack.Progress] 9% setup compilation AMDPlugin
<s> [webpack.Progress] 9% setup compilation RequireJsStuffPlugin
<s> [webpack.Progress] 9% setup compilation CommonJsPlugin
<s> [webpack.Progress] 9% setup compilation LoaderPlugin
<s> [webpack.Progress] 9% setup compilation LoaderPlugin
<s> [webpack.Progress] 9% setup compilation NodeStuffPlugin
<s> [webpack.Progress] 9% setup compilation APIPlugin
<s> [webpack.Progress] 9% setup compilation ExportsInfoApiPlugin
<s> [webpack.Progress] 9% setup compilation WebpackIsIncludedPlugin
<s> [webpack.Progress] 9% setup compilation ConstPlugin
<s> [webpack.Progress] 9% setup compilation UseStrictPlugin
<s> [webpack.Progress] 9% setup compilation RequireIncludePlugin
<s> [webpack.Progress] 9% setup compilation RequireEnsurePlugin
<s> [webpack.Progress] 9% setup compilation RequireContextPlugin
<s> [webpack.Progress] 9% setup compilation ImportPlugin
<s> [webpack.Progress] 9% setup compilation ImportMetaContextPlugin
<s> [webpack.Progress] 9% setup compilation SystemPlugin
<s> [webpack.Progress] 9% setup compilation ImportMetaPlugin
<s> [webpack.Progress] 9% setup compilation URLPlugin
<s> [webpack.Progress] 9% setup compilation DefaultStatsFactoryPlugin
<s> [webpack.Progress] 9% setup compilation DefaultStatsPresetPlugin
<s> [webpack.Progress] 9% setup compilation DefaultStatsPrinterPlugin
<s> [webpack.Progress] 9% setup compilation JavascriptMetaInfoPlugin
<s> [webpack.Progress] 9% setup compilation EnsureChunkConditionsPlugin
<s> [webpack.Progress] 9% setup compilation RemoveEmptyChunksPlugin
<s> [webpack.Progress] 9% setup compilation MergeDuplicateChunksPlugin
<s> [webpack.Progress] 9% setup compilation SideEffectsFlagPlugin
<s> [webpack.Progress] 9% setup compilation FlagDependencyExportsPlugin
<s> [webpack.Progress] 9% setup compilation FlagDependencyUsagePlugin
<s> [webpack.Progress] 9% setup compilation NamedModuleIdsPlugin
<s> [webpack.Progress] 9% setup compilation NamedChunkIdsPlugin
<s> [webpack.Progress] 9% setup compilation DefinePlugin
<s> [webpack.Progress] 9% setup compilation TemplatedPathPlugin
<s> [webpack.Progress] 9% setup compilation RecordIdsPlugin
<s> [webpack.Progress] 9% setup compilation WarnCaseSensitiveModulesPlugin
<s> [webpack.Progress] 9% setup compilation AddBuildDependenciesPlugin
<s> [webpack.Progress] 9% setup compilation AddBuildDependenciesPlugin
<s> [webpack.Progress] 9% setup compilation AddBuildDependenciesPlugin
<s> [webpack.Progress] 9% setup compilation IgnoreWarningsPlugin
<s> [webpack.Progress] 9% setup compilation ProvideSharedPlugin
<s> [webpack.Progress] 9% setup compilation ProvideSharedPlugin
<s> [webpack.Progress] 9% setup compilation EntryPlugin
<s> [webpack.Progress] 9% setup compilation EntryPlugin
<s> [webpack.Progress] 9% setup compilation ProvidePlugin
<s> [webpack.Progress] 9% setup compilation HotModuleReplacementPlugin
<s> [webpack.Progress] 9% setup compilation WebpackManifestPlugin
<s> [webpack.Progress] 9% setup compilation
<s> [webpack.Progress] 10% building
<s> [webpack.Progress] 10% building 0/1 entries 0/0 dependencies 0/0 modules
/Users/edwinarinda/Projects/Redux/superset/superset-frontend/node_modules/webpack-dev-server/lib/Server.js:2638
        throw error;
        ^

Error: listen EADDRINUSE: address already in use 127.0.0.1:9000
    at Server.setupListenHandle [as _listen2] (node:net:1908:16)
    at listenInCluster (node:net:1965:12)
    at doListen (node:net:2139:7)
    at process.processTicksAndRejections (node:internal/process/task_queues:83:21) {
  code: 'EADDRINUSE',
  errno: -48,
  syscall: 'listen',
  address: '127.0.0.1',
  port: 9000
}

Node.js v20.19.6
